[21:20:05] [main/INFO] (FabricLoader/GameProvider) Loading Minecraft 1.19.4 with Fabric Loader 0.14.22
[21:20:05] [main/INFO] (FabricLoader) Loading 60 mods:
	- fabric-api 0.87.2+1.19.4
	- fabric-api-base 0.4.28+737a6ee8f4
	- fabric-api-lookup-api-v1 1.6.29+504944c8f4
	- fabric-biome-api-v1 13.0.10+6b242079f4
	- fabric-block-api-v1 1.0.8+e022e5d1f4
	- fabric-blockrenderlayer-v1 1.1.38+10ce000ff4
	- fabric-client-tags-api-v1 1.1.1+0eee1254f4
	- fabric-command-api-v1 1.2.31+f71b366ff4
	- fabric-command-api-v2 2.2.10+10ce000ff4
	- fabric-commands-v0 0.2.48+df3654b3f4
	- fabric-containers-v0 0.1.59+df3654b3f4
	- fabric-content-registries-v0 3.5.14+10ce000ff4
	- fabric-convention-tags-v1 1.5.3+6d727b51f4
	- fabric-crash-report-info-v1 0.2.17+aeb40ebef4
	- fabric-data-generation-api-v1 11.5.2+26f09d40f4
	- fabric-dimensions-v1 2.1.50+44c9c860f4
	- fabric-entity-events-v1 1.5.17+10ce000ff4
	- fabric-events-interaction-v0 0.6.1+4b6b93f0f4
	- fabric-events-lifecycle-v0 0.2.56+df3654b3f4
	- fabric-game-rule-api-v1 1.0.36+3f657af2f4
	- fabric-gametest-api-v1 1.2.9+10ce000ff4
	- fabric-item-api-v1 2.1.21+10ce000ff4
	- fabric-item-group-api-v1 3.0.10+8400c67ef4
	- fabric-key-binding-api-v1 1.0.35+504944c8f4
	- fabric-keybindings-v0 0.2.33+df3654b3f4
	- fabric-lifecycle-events-v1 2.2.19+10ce000ff4
	- fabric-loot-api-v2 1.1.32+10ce000ff4
	- fabric-loot-tables-v1 1.1.36+9e7660c6f4
	- fabric-message-api-v1 5.1.5+53c11dadf4
	- fabric-mining-level-api-v1 2.1.44+10ce000ff4
	- fabric-model-loading-api-v1 1.0.2+3a1ea2f1f4
	- fabric-models-v0 0.4.1+a0255436f4
	- fabric-networking-api-v1 1.3.6+ae9c4c6af4
	- fabric-networking-v0 0.3.46+df3654b3f4
	- fabric-object-builder-api-v1 7.1.1+d63b52eaf4
	- fabric-particles-v1 1.1.1+86d48884f4
	- fabric-recipe-api-v1 1.0.13+10ce000ff4
	- fabric-registry-sync-v0 2.3.2+95ae8716f4
	- fabric-renderer-api-v1 2.4.2+90110d8df4
	- fabric-renderer-indigo 1.4.2+90110d8df4
	- fabric-renderer-registries-v1 3.2.42+df3654b3f4
	- fabric-rendering-data-attachment-v1 0.3.32+10ce000ff4
	- fabric-rendering-fluids-v1 3.0.25+10ce000ff4
	- fabric-rendering-v0 1.1.45+df3654b3f4
	- fabric-rendering-v1 2.1.5+10ce000ff4
	- fabric-resource-conditions-api-v1 2.3.3+10ce000ff4
	- fabric-resource-loader-v0 0.11.7+8400c67ef4
	- fabric-screen-api-v1 1.0.49+10ce000ff4
	- fabric-screen-handler-api-v1 1.3.25+10ce000ff4
	- fabric-sound-api-v1 1.0.11+10ce000ff4
	- fabric-transfer-api-v1 3.3.1+602c17c7f4
	- fabric-transitive-access-wideners-v1 3.3.0+1b5f819af4
	- fabricloader 0.14.22
	- farawaycraft 0.0.1
	- java 17
	- jei 13.1.0.16
	- minecraft 1.19.4
	- modmenu 6.2.2
	- tslatentitystatus 1.2.1
	   \-- midnightlib 1.2.1
[21:20:09] [main/INFO] (FabricLoader/Mixin) SpongePowered MIXIN Subsystem Version=0.8.5 Source=file:/C:/Users/Nik/.gradle/caches/modules-2/files-2.1/net.fabricmc/sponge-mixin/0.12.5+mixin.0.8.5/8d31fb97c3e0cd7c8dad3441851c523bcfae6d8e/sponge-mixin-0.12.5+mixin.0.8.5.jar Service=Knot/Fabric Env=CLIENT
[21:20:09] [main/INFO] (FabricLoader/Mixin) Loaded Fabric development mappings for mixin remapper!
[21:20:09] [main/INFO] (FabricLoader/Mixin) Compatibility level set to JAVA_16
[21:20:09] [main/INFO] (FabricLoader/Mixin) Compatibility level set to JAVA_17
[21:20:15] [Datafixer Bootstrap/INFO] (Minecraft) 180 Datafixer optimizations took 140 milliseconds
[21:20:18] [Render thread/INFO] (Minecraft) Environment: authHost='https://authserver.mojang.com', accountsHost='https://api.mojang.com', sessionHost='https://sessionserver.mojang.com', servicesHost='https://api.minecraftservices.com', name='PROD'
[21:20:19] [Render thread/ERROR] (Minecraft) Failed to verify authentication
com.mojang.authlib.exceptions.InvalidCredentialsException: Status: 401
	at com.mojang.authlib.exceptions.MinecraftClientHttpException.toAuthenticationException(MinecraftClientHttpException.java:56) ~[authlib-3.18.38.jar:?]
	at com.mojang.authlib.yggdrasil.YggdrasilUserApiService.fetchProperties(YggdrasilUserApiService.java:156) ~[authlib-3.18.38.jar:?]
	at com.mojang.authlib.yggdrasil.YggdrasilUserApiService.<init>(YggdrasilUserApiService.java:55) ~[authlib-3.18.38.jar:?]
	at com.mojang.authlib.yggdrasil.YggdrasilAuthenticationService.createUserApiService(YggdrasilAuthenticationService.java:161) ~[authlib-3.18.38.jar:?]
	at net.minecraft.client.MinecraftClient.createUserApiService(MinecraftClient.java:732) ~[minecraft-clientOnly-44e7483152-1.19.4-net.fabricmc.yarn.1_19_4.1.19.4+build.1-v2.jar:?]
	at net.minecraft.client.MinecraftClient.<init>(MinecraftClient.java:440) ~[minecraft-clientOnly-44e7483152-1.19.4-net.fabricmc.yarn.1_19_4.1.19.4+build.1-v2.jar:?]
	at net.minecraft.client.main.Main.main(Main.java:198) ~[minecraft-clientOnly-44e7483152-1.19.4-net.fabricmc.yarn.1_19_4.1.19.4+build.1-v2.jar:?]
	at net.fabricmc.loader.impl.game.minecraft.MinecraftGameProvider.launch(MinecraftGameProvider.java:468) ~[fabric-loader-0.14.22.jar:?]
	at net.fabricmc.loader.impl.launch.knot.Knot.launch(Knot.java:74) ~[fabric-loader-0.14.22.jar:?]
	at net.fabricmc.loader.impl.launch.knot.KnotClient.main(KnotClient.java:23) ~[fabric-loader-0.14.22.jar:?]
	at net.fabricmc.devlaunchinjector.Main.main(Main.java:86) ~[dev-launch-injector-0.2.1+build.8.jar:?]
Caused by: com.mojang.authlib.exceptions.MinecraftClientHttpException: Status: 401
	at com.mojang.authlib.minecraft.client.MinecraftClient.readInputStream(MinecraftClient.java:85) ~[authlib-3.18.38.jar:?]
	at com.mojang.authlib.minecraft.client.MinecraftClient.get(MinecraftClient.java:48) ~[authlib-3.18.38.jar:?]
	at com.mojang.authlib.yggdrasil.YggdrasilUserApiService.fetchProperties(YggdrasilUserApiService.java:129) ~[authlib-3.18.38.jar:?]
	... 9 more
[21:20:19] [Render thread/INFO] (Minecraft) Setting user: Player722
[21:20:19] [Render thread/INFO] (farawaycraft) Hello Fabric world!
[21:20:19] [Render thread/INFO] (Indigo) [Indigo] Registering Indigo renderer!
[21:20:19] [Worker-Main-1/INFO] (Mod Menu/Update Checker) Checking mod updates...
[21:20:19] [Render thread/INFO] (PluginCaller) Sending ConfigManager...
[21:20:19] [Render thread/INFO] (PluginCaller) Sending ConfigManager took 5.901 ms
[21:20:20] [Render thread/INFO] (Minecraft) Backend library: LWJGL version 3.3.1 SNAPSHOT
[21:20:20] [Worker-Main-1/INFO] (Mod Menu/Update Checker) Update available for 'modmenu@6.2.2', (-> 6.3.1)
[21:20:21] [Render thread/INFO] (Minecraft) Reloading ResourceManager: vanilla, fabric (fabric-loot-tables-v1, fabric-object-builder-api-v1, fabric-biome-api-v1, fabric-model-loading-api-v1, fabric-registry-sync-v0, fabric-command-api-v1, fabric-convention-tags-v1, fabric-commands-v0, fabric-rendering-data-attachment-v1, fabric-renderer-indigo, fabric-screen-handler-api-v1, fabric-rendering-v0, fabric-game-rule-api-v1, fabric-containers-v0, modmenu, fabric-recipe-api-v1, fabric-item-group-api-v1, fabric-blockrenderlayer-v1, fabric-rendering-fluids-v1, fabric-api, fabric-data-generation-api-v1, fabric-lifecycle-events-v1, fabric-api-lookup-api-v1, fabric-particles-v1, fabric-renderer-api-v1, fabric-loot-api-v2, fabric-api-base, fabric-crash-report-info-v1, fabric-transitive-access-wideners-v1, tslatentitystatus, fabric-key-binding-api-v1, midnightlib, farawaycraft, fabric-keybindings-v0, fabric-networking-v0, fabric-gametest-api-v1, fabricloader, fabric-rendering-v1, fabric-resource-conditions-api-v1, fabric-content-registries-v0, fabric-networking-api-v1, fabric-sound-api-v1, fabric-command-api-v2, fabric-dimensions-v1, fabric-transfer-api-v1, fabric-renderer-registries-v1, fabric-screen-api-v1, jei, fabric-client-tags-api-v1, fabric-mining-level-api-v1, fabric-item-api-v1, fabric-models-v0, fabric-block-api-v1, fabric-message-api-v1, fabric-entity-events-v1, fabric-resource-loader-v0, fabric-events-lifecycle-v0, fabric-events-interaction-v0)
[21:20:21] [Render thread/INFO] (Minecraft) [STDOUT]: (MidnightLib) Player hats successfully loaded!
[21:20:21] [Realms Notification Availability checker #1/INFO] (Minecraft) Could not authorize you against Realms server: Invalid session id
[21:20:22] [Render thread/WARN] (Minecraft) Missing sound for event: minecraft:item.brush.brushing
[21:20:22] [Render thread/WARN] (Minecraft) Missing sound for event: minecraft:item.brush.brush_sand_completed
[21:20:22] [Render thread/WARN] (Minecraft) Missing sound for event: minecraft:item.goat_horn.play
[21:20:22] [Render thread/WARN] (Minecraft) Missing sound for event: minecraft:entity.goat.screaming.horn_break
[21:20:22] [Render thread/WARN] (Minecraft) Missing sound for event: minecraft:music.overworld.cherry_grove
[21:20:22] [Render thread/INFO] (Minecraft) OpenAL initialized on device OpenAL Soft on 24G2W1G5 (NVIDIA High Definition Audio)
[21:20:22] [Render thread/INFO] (Minecraft) Sound engine started
[21:20:22] [Render thread/INFO] (Minecraft) Created: 1024x512x4 minecraft:textures/atlas/blocks.png-atlas
[21:20:22] [Render thread/INFO] (Minecraft) Created: 256x256x4 minecraft:textures/atlas/signs.png-atlas
[21:20:22] [Render thread/INFO] (Minecraft) Created: 512x512x4 minecraft:textures/atlas/banner_patterns.png-atlas
[21:20:22] [Render thread/INFO] (Minecraft) Created: 512x512x4 minecraft:textures/atlas/shield_patterns.png-atlas
[21:20:22] [Render thread/INFO] (Minecraft) Created: 1024x1024x4 minecraft:textures/atlas/armor_trims.png-atlas
[21:20:22] [Render thread/INFO] (Minecraft) Created: 256x256x4 minecraft:textures/atlas/chest.png-atlas
[21:20:22] [Render thread/INFO] (Minecraft) Created: 64x64x4 minecraft:textures/atlas/decorated_pot.png-atlas
[21:20:22] [Render thread/INFO] (Minecraft) Created: 512x256x4 minecraft:textures/atlas/beds.png-atlas
[21:20:22] [Render thread/INFO] (Minecraft) Created: 512x256x4 minecraft:textures/atlas/shulker_boxes.png-atlas
[21:20:23] [Render thread/WARN] (Minecraft) Shader rendertype_entity_translucent_emissive could not find sampler named Sampler2 in the specified shader program.
[21:20:23] [Render thread/INFO] (Minecraft) Created: 256x256x0 minecraft:textures/atlas/particles.png-atlas
[21:20:23] [Render thread/INFO] (Minecraft) Created: 256x256x0 minecraft:textures/atlas/paintings.png-atlas
[21:20:23] [Render thread/INFO] (Minecraft) Created: 128x128x0 minecraft:textures/atlas/mob_effects.png-atlas
[21:20:23] [Render thread/INFO] (Minecraft) Created: 256x128x0 jei:textures/atlas/gui.png-atlas
[21:20:33] [Render thread/WARN] (Minecraft) far_away_craft:penetration missing from registry, but requested!
[21:20:33] [Render thread/INFO] (FabricRegistrySync) [fabric-registry-sync] Loaded registry data [file 1/4]
[21:20:34] [Render thread/INFO] (Minecraft) Loaded 7 recipes
[21:20:34] [Render thread/INFO] (Minecraft) Loaded 1179 advancements
[21:20:34] [Render thread/INFO] (ClientLifecycleHandler) Stopping JEI
[21:20:34] [Render thread/INFO] (JeiStarter) Stopping JEI
[21:20:34] [Render thread/INFO] (PluginCaller) Sending Runtime Unavailable...
[21:20:34] [Render thread/INFO] (FabricGuiPlugin) Stopping JEI GUI
[21:20:34] [Render thread/INFO] (PluginCaller) Sending Runtime Unavailable took 516.1 ?s
[21:20:34] [Render thread/INFO] (BiomeModificationImpl) Applied 0 biome modifications to 0 of 63 new biomes in 1.665 ms
[21:20:34] [Server thread/INFO] (Minecraft) Starting integrated minecraft server version 1.19.4
[21:20:34] [Server thread/INFO] (Minecraft) Generating keypair
[21:20:36] [Server thread/INFO] (Minecraft) Preparing start region for dimension minecraft:overworld
[21:20:39] [Render thread/INFO] (Minecraft) Подготовка области возрождения: 0%
[21:20:39] [Render thread/INFO] (Minecraft) Подготовка области возрождения: 0%
[21:20:39] [Render thread/INFO] (Minecraft) Подготовка области возрождения: 0%
[21:20:40] [Render thread/INFO] (Minecraft) Подготовка области возрождения: 0%
[21:20:40] [Render thread/INFO] (Minecraft) Подготовка области возрождения: 0%
[21:20:40] [Render thread/INFO] (Minecraft) Подготовка области возрождения: 0%
[21:20:40] [Render thread/INFO] (Minecraft) Подготовка области возрождения: 0%
[21:20:40] [Render thread/INFO] (Minecraft) Подготовка области возрождения: 10%
[21:20:40] [Render thread/INFO] (Minecraft) Подготовка области возрождения: 90%
[21:20:40] [Render thread/INFO] (Minecraft) Time elapsed: 4051 ms
[21:20:41] [Server thread/INFO] (Minecraft) Changing view distance to 12, from 10
[21:20:41] [Server thread/INFO] (Minecraft) Changing simulation distance to 12, from 0
[21:20:41] [Server thread/INFO] (Minecraft) Player722[local:E:850c9734] logged in with entity id 58 at (-1108.713648562093, 111.0, -59.524348031992)
[21:20:41] [Server thread/INFO] (Minecraft) Player722 присоединился к игре
[21:20:42] [Server thread/INFO] (Minecraft) Player722 завершил испытание «[Ладные доспехи]»
[21:20:42] [Render thread/INFO] (LoggedTimer) Starting JEI...
[21:20:42] [Render thread/INFO] (PluginCaller) Registering item subtypes...
[21:20:42] [Render thread/INFO] (PluginCaller) Registering item subtypes took 5.005 ms
[21:20:42] [Render thread/INFO] (PluginCaller) Registering fluid subtypes...
[21:20:42] [Render thread/INFO] (PluginCaller) Registering fluid subtypes took 3.296 ms
[21:20:42] [Render thread/INFO] (PluginCaller) Registering ingredients...
[21:20:42] [Render thread/INFO] (PluginCallerTimerRunnable) Registering ingredients: jei:minecraft took 62.84 milliseconds
[21:20:42] [Render thread/INFO] (PluginCaller) Registering ingredients took 63.60 ms
[21:20:42] [Render thread/INFO] (PluginCaller) Registering categories...
[21:20:42] [Render thread/INFO] (PluginCallerTimerRunnable) Registering categories: jei:minecraft took 28.29 milliseconds
[21:20:42] [Render thread/INFO] (PluginCaller) Registering categories took 30.76 ms
[21:20:42] [Render thread/INFO] (PluginCaller) Registering vanilla category extensions...
[21:20:42] [Render thread/INFO] (PluginCaller) Registering vanilla category extensions took 4.153 ms
[21:20:42] [Render thread/INFO] (PluginCaller) Registering recipe catalysts...
[21:20:42] [Render thread/INFO] (PluginCaller) Registering recipe catalysts took 1.831 ms
[21:20:42] [Render thread/INFO] (PluginCaller) Registering advanced plugins...
[21:20:42] [Render thread/INFO] (PluginCaller) Registering advanced plugins took 404.2 ?s
[21:20:42] [Render thread/INFO] (LoggedTimer) Building recipe registry...
[21:20:42] [Render thread/INFO] (LoggedTimer) Building recipe registry took 15.93 ms
[21:20:42] [Render thread/INFO] (PluginCaller) Registering recipes...
[21:20:42] [Render thread/INFO] (PluginCallerTimerRunnable) Registering recipes: jei:minecraft took 267.6 milliseconds
[21:20:42] [Render thread/INFO] (PluginCaller) Registering recipes took 268.6 ms
[21:20:42] [Render thread/INFO] (PluginCaller) Registering recipes transfer handlers...
[21:20:42] [Render thread/INFO] (PluginCaller) Registering recipes transfer handlers took 4.120 ms
[21:20:42] [Render thread/INFO] (LoggedTimer) Building runtime...
[21:20:42] [Render thread/INFO] (PluginCaller) Registering gui handlers...
[21:20:42] [Render thread/INFO] (PluginCallerTimerRunnable) Registering gui handlers: jei:minecraft took 16.12 milliseconds
[21:20:42] [Render thread/INFO] (PluginCaller) Registering gui handlers took 81.55 ms
[21:20:42] [Render thread/INFO] (PluginCaller) Registering Runtime...
[21:20:42] [Render thread/INFO] (JeiGuiStarter) Starting JEI GUI
[21:20:42] [Render thread/INFO] (LoggedTimer) Building ingredient list...
[21:20:42] [Render thread/INFO] (LoggedTimer) Building ingredient list took 4.486 ms
[21:20:42] [Render thread/INFO] (LoggedTimer) Building ingredient filter...
[21:20:42] [Render thread/INFO] (IngredientFilter) Adding 1341 ingredients
[21:20:43] [Render thread/INFO] (IngredientFilter) Added 1341 ingredients
[21:20:43] [Render thread/INFO] (LoggedTimer) Building ingredient filter took 256.4 ms
[21:20:43] [Render thread/INFO] (PluginCallerTimerRunnable) Registering Runtime: jei:fabric_gui took 369.4 milliseconds
[21:20:43] [Render thread/INFO] (PluginCaller) Registering Runtime took 370.1 ms
[21:20:43] [Render thread/INFO] (LoggedTimer) Building runtime took 476.0 ms
[21:20:43] [Render thread/INFO] (PluginCaller) Sending Runtime...
[21:20:43] [Render thread/INFO] (PluginCaller) Sending Runtime took 353.9 ?s
[21:20:43] [Render thread/INFO] (LoggedTimer) Starting JEI took 947.4 ms
[21:20:43] [Render thread/INFO] (Minecraft) [System] [CHAT] Player722 завершил испытание «[Ладные доспехи]»
[21:20:43] [Render thread/INFO] (Minecraft) Loaded 9 advancements
[21:20:44] [Server thread/WARN] (Minecraft) Can't keep up! Is the server overloaded? Running 2173ms or 43 ticks behind
[21:21:01] [Server thread/INFO] (Minecraft) Player722 получил достижение «[Охотник на монстров]»
[21:21:01] [Server thread/INFO] (Minecraft) Named entity ZombieEntity['Яйцо призыва зомби в броне'/432, l='ServerLevel[Новый міръ]', x=-1109.83, y=111.00, z=-58.05] died: Яйцо призыва зомби в броне был убит Player722
[21:21:01] [Render thread/INFO] (Minecraft) [System] [CHAT] Player722 получил достижение «[Охотник на монстров]»
[21:21:01] [Render thread/INFO] (Minecraft) Loaded 35 advancements
[21:21:28] [Server thread/INFO] (Minecraft) Named entity ZombieEntity['Яйцо призыва зомби в броне'/495, l='ServerLevel[Новый міръ]', x=-1107.41, y=111.00, z=-63.83] died: Яйцо призыва зомби в броне был убит Player722
[21:21:43] [Server thread/INFO] (Minecraft) Saving and pausing game...
[21:21:43] [Server thread/INFO] (Minecraft) Saving chunks for level 'ServerLevel[Новый міръ]'/minecraft:overworld
[21:21:43] [Server thread/INFO] (Minecraft) Saving chunks for level 'ServerLevel[Новый міръ]'/minecraft:the_end
[21:21:43] [Server thread/INFO] (Minecraft) Saving chunks for level 'ServerLevel[Новый міръ]'/minecraft:the_nether
[21:21:44] [Render thread/INFO] (ClientLifecycleHandler) Stopping JEI
[21:21:44] [Render thread/INFO] (JeiStarter) Stopping JEI
[21:21:44] [Render thread/INFO] (PluginCaller) Sending Runtime Unavailable...
[21:21:44] [Render thread/INFO] (FabricGuiPlugin) Stopping JEI GUI
[21:21:44] [Render thread/INFO] (PluginCaller) Sending Runtime Unavailable took 426.6 ?s
[21:21:44] [Server thread/INFO] (Minecraft) Player722 lost connection: Отключение
[21:21:44] [Server thread/INFO] (Minecraft) Player722 покинул игру
[21:21:44] [Server thread/INFO] (Minecraft) Stopping singleplayer server as player logged out
[21:21:44] [Server thread/INFO] (Minecraft) Stopping server
[21:21:44] [Server thread/INFO] (Minecraft) Saving players
[21:21:44] [Server thread/INFO] (Minecraft) Saving worlds
[21:21:47] [Server thread/INFO] (Minecraft) Saving chunks for level 'ServerLevel[Новый міръ]'/minecraft:overworld
[21:21:47] [Server thread/INFO] (Minecraft) Saving chunks for level 'ServerLevel[Новый міръ]'/minecraft:the_end
[21:21:47] [Server thread/INFO] (Minecraft) Saving chunks for level 'ServerLevel[Новый міръ]'/minecraft:the_nether
[21:21:47] [Server thread/INFO] (Minecraft) ThreadedAnvilChunkStorage (Новый міръ): All chunks are saved
[21:21:47] [Server thread/INFO] (Minecraft) ThreadedAnvilChunkStorage (DIM1): All chunks are saved
[21:21:47] [Server thread/INFO] (Minecraft) ThreadedAnvilChunkStorage (DIM-1): All chunks are saved
[21:21:47] [Server thread/INFO] (Minecraft) ThreadedAnvilChunkStorage: All dimensions are saved
[21:22:08] [Render thread/INFO] (Minecraft) Stopping!
[21:22:08] [Render thread/INFO] (ClientLifecycleHandler) Stopping JEI
[21:22:08] [Render thread/INFO] (JeiStarter) Stopping JEI
[21:22:08] [Render thread/INFO] (PluginCaller) Sending Runtime Unavailable...
[21:22:08] [Render thread/INFO] (FabricGuiPlugin) Stopping JEI GUI
[21:22:08] [Render thread/INFO] (PluginCaller) Sending Runtime Unavailable took 324.2 ?s
